# JRE version: Java(TM) SE Runtime Environment (8.0_181-b13) (build 1.8.0_181-b13)
# Java VM: Java HotSpot(TM) 64-Bit Server VM (25.181-b13 mixed mode windows-amd64 compressed oops)
Heap:
 PSYoungGen      total 257024K, used 249278K [0x0000000780780000, 0x0000000794080000, 0x00000007c0000000)
  eden space 235520K, 100% used [0x0000000780780000,0x000000078ed80000,0x000000078ed80000)
  from space 21504K, 63% used [0x000000078ed80000,0x000000078faefab8,0x0000000790280000)
  to   space 21504K, 33% used [0x0000000792b80000,0x000000079327a290,0x0000000794080000)
 ParOldGen       total 203264K, used 35957K [0x0000000701600000, 0x000000070dc80000, 0x0000000780780000)
  object space 203264K, 17% used [0x0000000701600000,0x000000070391d468,0x000000070dc80000)
 Metaspace       used 65329K, capacity 68204K, committed 68376K, reserved 1107968K
  class space    used 8465K, capacity 8978K, committed 8984K, reserved 1048576K
GC Heap History (10 events):
Event: 8.754 GC heap after
Heap after GC invocations=10 (full 2):
 PSYoungGen      total 203776K, used 8165K [0x0000000780780000, 0x000000078e100000, 0x00000007c0000000)
  eden space 195584K, 0% used [0x0000000780780000,0x0000000780780000,0x000000078c680000)
  from space 8192K, 99% used [0x000000078d900000,0x000000078e0f97d8,0x000000078e100000)
  to   space 13312K, 0% used [0x000000078c700000,0x000000078c700000,0x000000078d400000)
 ParOldGen       total 137728K, used 18812K [0x0000000701600000, 0x0000000709c80000, 0x0000000780780000)
  object space 137728K, 13% used [0x0000000701600000,0x000000070285f238,0x0000000709c80000)
 Metaspace       used 40386K, capacity 41828K, committed 42152K, reserved 1085440K
  class space    used 5170K, capacity 5448K, committed 5544K, reserved 1048576K
}
Event: 11.473 GC heap before
{Heap before GC invocations=11 (full 2):
 PSYoungGen      total 203776K, used 203749K [0x0000000780780000, 0x000000078e100000, 0x00000007c0000000)
  eden space 195584K, 100% used [0x0000000780780000,0x000000078c680000,0x000000078c680000)
  from space 8192K, 99% used [0x000000078d900000,0x000000078e0f97d8,0x000000078e100000)
  to   space 13312K, 0% used [0x000000078c700000,0x000000078c700000,0x000000078d400000)
 ParOldGen       total 137728K, used 18812K [0x0000000701600000, 0x0000000709c80000, 0x0000000780780000)
  object space 137728K, 13% used [0x0000000701600000,0x000000070285f238,0x0000000709c80000)
 Metaspace       used 51351K, capacity 53178K, committed 53288K, reserved 1095680K
  class space    used 6780K, capacity 7121K, committed 7208K, reserved 1048576K
Event: 11.506 GC heap after
Heap after GC invocations=11 (full 2):
 PSYoungGen      total 209408K, used 13286K [0x0000000780780000, 0x0000000791400000, 0x00000007c0000000)
  eden space 196096K, 0% used [0x0000000780780000,0x0000000780780000,0x000000078c700000)
  from space 13312K, 99% used [0x000000078c700000,0x000000078d3f9828,0x000000078d400000)
  to   space 17920K, 0% used [0x0000000790280000,0x0000000790280000,0x0000000791400000)
 ParOldGen       total 137728K, used 26714K [0x0000000701600000, 0x0000000709c80000, 0x0000000780780000)
  object space 137728K, 19% used [0x0000000701600000,0x0000000703016b90,0x0000000709c80000)
 Metaspace       used 51351K, capacity 53178K, committed 53288K, reserved 1095680K
  class space    used 6780K, capacity 7121K, committed 7208K, reserved 1048576K
}
Event: 16.302 GC heap before
{Heap before GC invocations=12 (full 2):
 PSYoungGen      total 209408K, used 149516K [0x0000000780780000, 0x0000000791400000, 0x00000007c0000000)
  eden space 196096K, 69% used [0x0000000780780000,0x0000000788c89a30,0x000000078c700000)
  from space 13312K, 99% used [0x000000078c700000,0x000000078d3f9828,0x000000078d400000)
  to   space 17920K, 0% used [0x0000000790280000,0x0000000790280000,0x0000000791400000)
 ParOldGen       total 137728K, used 26714K [0x0000000701600000, 0x0000000709c80000, 0x0000000780780000)
  object space 137728K, 19% used [0x0000000701600000,0x0000000703016b90,0x0000000709c80000)
 Metaspace       used 56844K, capacity 59050K, committed 59160K, reserved 1099776K
  class space    used 7462K, capacity 7876K, committed 7960K, reserved 1048576K
Event: 16.356 GC heap after
Heap after GC invocations=12 (full 2):
 PSYoungGen      total 253440K, used 17889K [0x0000000780780000, 0x0000000791980000, 0x00000007c0000000)
  eden space 235520K, 0% used [0x0000000780780000,0x0000000780780000,0x000000078ed80000)
  from space 17920K, 99% used [0x0000000790280000,0x00000007913f87f0,0x0000000791400000)
  to   space 21504K, 0% used [0x000000078ed80000,0x000000078ed80000,0x0000000790280000)
 ParOldGen       total 137728K, used 29592K [0x0000000701600000, 0x0000000709c80000, 0x0000000780780000)
  object space 137728K, 21% used [0x0000000701600000,0x00000007032e60f8,0x0000000709c80000)
 Metaspace       used 56844K, capacity 59050K, committed 59160K, reserved 1099776K
  class space    used 7462K, capacity 7876K, committed 7960K, reserved 1048576K
}
Event: 16.356 GC heap before
{Heap before GC invocations=13 (full 3):
 PSYoungGen      total 253440K, used 17889K [0x0000000780780000, 0x0000000791980000, 0x00000007c0000000)
  eden space 235520K, 0% used [0x0000000780780000,0x0000000780780000,0x000000078ed80000)
  from space 17920K, 99% used [0x0000000790280000,0x00000007913f87f0,0x0000000791400000)
  to   space 21504K, 0% used [0x000000078ed80000,0x000000078ed80000,0x0000000790280000)
 ParOldGen       total 137728K, used 29592K [0x0000000701600000, 0x0000000709c80000, 0x0000000780780000)
  object space 137728K, 21% used [0x0000000701600000,0x00000007032e60f8,0x0000000709c80000)
 Metaspace       used 56844K, capacity 59050K, committed 59160K, reserved 1099776K
  class space    used 7462K, capacity 7876K, committed 7960K, reserved 1048576K
Event: 16.586 GC heap after
Heap after GC invocations=13 (full 3):
 PSYoungGen      total 253440K, used 0K [0x0000000780780000, 0x0000000791980000, 0x00000007c0000000)
  eden space 235520K, 0% used [0x0000000780780000,0x0000000780780000,0x000000078ed80000)
  from space 17920K, 0% used [0x0000000790280000,0x0000000790280000,0x0000000791400000)
  to   space 21504K, 0% used [0x000000078ed80000,0x000000078ed80000,0x0000000790280000)
 ParOldGen       total 203264K, used 35941K [0x0000000701600000, 0x000000070dc80000, 0x0000000780780000)
  object space 203264K, 17% used [0x0000000701600000,0x0000000703919468,0x000000070dc80000)
 Metaspace       used 56821K, capacity 59014K, committed 59160K, reserved 1099776K
  class space    used 7459K, capacity 7870K, committed 7960K, reserved 1048576K
}
Event: 240.826 GC heap before
{Heap before GC invocations=14 (full 3):
 PSYoungGen      total 253440K, used 235520K [0x0000000780780000, 0x0000000791980000, 0x00000007c0000000)
  eden space 235520K, 100% used [0x0000000780780000,0x000000078ed80000,0x000000078ed80000)
  from space 17920K, 0% used [0x0000000790280000,0x0000000790280000,0x0000000791400000)
  to   space 21504K, 0% used [0x000000078ed80000,0x000000078ed80000,0x0000000790280000)
 ParOldGen       total 203264K, used 35941K [0x0000000701600000, 0x000000070dc80000, 0x0000000780780000)
  object space 203264K, 17% used [0x0000000701600000,0x0000000703919468,0x000000070dc80000)
 Metaspace       used 64852K, capacity 67622K, committed 67864K, reserved 1107968K
  class space    used 8427K, capacity 8935K, committed 8984K, reserved 1048576K
Event: 240.850 GC heap after
Heap after GC invocations=14 (full 3):
 PSYoungGen      total 257024K, used 13758K [0x0000000780780000, 0x0000000794080000, 0x00000007c0000000)
  eden space 235520K, 0% used [0x0000000780780000,0x0000000780780000,0x000000078ed80000)
  from space 21504K, 63% used [0x000000078ed80000,0x000000078faefab8,0x0000000790280000)
  to   space 21504K, 0% used [0x0000000792b80000,0x0000000792b80000,0x0000000794080000)
 ParOldGen       total 203264K, used 35949K [0x0000000701600000, 0x000000070dc80000, 0x0000000780780000)
  object space 203264K, 17% used [0x0000000701600000,0x000000070391b468,0x000000070dc80000)
 Metaspace       used 64852K, capacity 67622K, committed 67864K, reserved 1107968K
  class space    used 8427K, capacity 8935K, committed 8984K, reserved 1048576K
}
Event: 21103.815 GC heap before
{Heap before GC invocations=15 (full 3):
 PSYoungGen      total 257024K, used 249278K [0x0000000780780000, 0x0000000794080000, 0x00000007c0000000)
  eden space 235520K, 100% used [0x0000000780780000,0x000000078ed80000,0x000000078ed80000)
  from space 21504K, 63% used [0x000000078ed80000,0x000000078faefab8,0x0000000790280000)
  to   space 21504K, 0% used [0x0000000792b80000,0x0000000792b80000,0x0000000794080000)
 ParOldGen       total 203264K, used 35949K [0x0000000701600000, 0x000000070dc80000, 0x0000000780780000)
  object space 203264K, 17% used [0x0000000701600000,0x000000070391b468,0x000000070dc80000)
 Metaspace       used 65329K, capacity 68204K, committed 68376K, reserved 1107968K
  class space    used 8465K, capacity 8978K, committed 8984K, reserved 1048576K

